2024-04-27 19:09:39.873 [info] Reading sessions from keychain...
2024-04-27 19:09:39.873 [info] Getting sessions for all scopes...
2024-04-27 19:09:39.873 [info] Getting sessions for all scopes...
2024-04-27 19:09:40.077 [info] Getting sessions for read:user,repo,user:email,workflow...
2024-04-27 19:09:40.164 [info] Got 0 sessions for ...
2024-04-27 19:09:40.166 [info] Got 0 sessions for ...
2024-04-27 19:09:40.170 [info] Got 0 sessions for read:user,repo,user:email,workflow...
2024-04-27 19:09:40.184 [info] Getting sessions for read:user...
2024-04-27 19:09:40.184 [info] Got 0 sessions for read:user...
2024-04-27 19:09:40.201 [info] Getting sessions for user:email...
2024-04-27 19:09:40.201 [info] Got 0 sessions for user:email...
2024-04-27 19:09:41.165 [info] Getting sessions for read:user,repo,user:email,workflow...
2024-04-27 19:09:41.166 [info] Got 0 sessions for read:user,repo,user:email,workflow...
2024-04-27 19:09:41.250 [info] Getting sessions for read:user...
2024-04-27 19:09:41.250 [info] Got 0 sessions for read:user...
2024-04-27 19:09:41.262 [info] Getting sessions for user:email...
2024-04-27 19:09:41.262 [info] Got 0 sessions for user:email...
2024-04-27 19:09:41.986 [info] Getting sessions for read:user,repo,user:email,workflow...
2024-04-27 19:09:41.986 [info] Got 0 sessions for read:user,repo,user:email,workflow...
2024-04-27 19:09:42.078 [info] Getting sessions for read:user...
2024-04-27 19:09:42.078 [info] Got 0 sessions for read:user...
2024-04-27 19:09:42.936 [info] Getting sessions for user:email...
2024-04-27 19:09:42.936 [info] Got 0 sessions for user:email...
2024-04-27 19:10:46.450 [info] Getting sessions for read:user,repo,user:email,workflow...
2024-04-27 19:10:46.451 [info] Got 0 sessions for read:user,repo,user:email,workflow...
2024-04-27 19:10:46.475 [info] Getting sessions for read:user...
2024-04-27 19:10:46.475 [info] Got 0 sessions for read:user...
2024-04-27 19:10:46.491 [info] Getting sessions for user:email...
2024-04-27 19:10:46.491 [info] Got 0 sessions for user:email...
