2024-04-27 14:08:05.581 [info] Reading sessions from keychain...
2024-04-27 14:08:05.581 [info] Getting sessions for all scopes...
2024-04-27 14:08:06.139 [info] Got 0 sessions for ...
2024-04-27 14:08:06.327 [info] Getting sessions for read:user,repo,user:email,workflow...
2024-04-27 14:08:06.327 [info] Got 0 sessions for read:user,repo,user:email,workflow...
2024-04-27 14:08:06.722 [info] Getting sessions for all scopes...
2024-04-27 14:08:06.722 [info] Got 0 sessions for ...
2024-04-27 14:08:06.724 [info] Getting sessions for read:user,repo,user:email,workflow...
2024-04-27 14:08:06.724 [info] Got 0 sessions for read:user,repo,user:email,workflow...
2024-04-27 14:08:06.753 [info] Getting sessions for read:user...
2024-04-27 14:08:06.753 [info] Got 0 sessions for read:user...
2024-04-27 14:08:06.763 [info] Getting sessions for read:user...
2024-04-27 14:08:06.763 [info] Got 0 sessions for read:user...
2024-04-27 14:08:06.776 [info] Getting sessions for user:email...
2024-04-27 14:08:06.777 [info] Got 0 sessions for user:email...
2024-04-27 14:08:06.862 [info] Getting sessions for user:email...
2024-04-27 14:08:06.862 [info] Got 0 sessions for user:email...
2024-04-27 14:08:07.507 [info] Getting sessions for read:user,repo,user:email,workflow...
2024-04-27 14:08:07.507 [info] Got 0 sessions for read:user,repo,user:email,workflow...
2024-04-27 14:08:07.561 [info] Getting sessions for read:user...
2024-04-27 14:08:07.561 [info] Got 0 sessions for read:user...
2024-04-27 14:08:07.572 [info] Getting sessions for user:email...
2024-04-27 14:08:07.572 [info] Got 0 sessions for user:email...
2024-04-27 14:08:38.871 [info] Getting sessions for read:user,repo,user:email,workflow...
2024-04-27 14:08:38.871 [info] Got 0 sessions for read:user,repo,user:email,workflow...
2024-04-27 14:08:38.887 [info] Getting sessions for read:user...
2024-04-27 14:08:38.887 [info] Got 0 sessions for read:user...
2024-04-27 14:08:38.900 [info] Getting sessions for user:email...
2024-04-27 14:08:38.900 [info] Got 0 sessions for user:email...
2024-04-27 14:09:32.277 [info] Reading sessions from keychain...
2024-04-27 14:09:32.278 [info] Getting sessions for all scopes...
2024-04-27 14:09:32.292 [info] Got 0 sessions for ...
2024-04-27 14:09:32.293 [info] Getting sessions for all scopes...
2024-04-27 14:09:32.297 [info] Got 0 sessions for ...
2024-04-27 14:09:33.599 [info] Getting sessions for read:user,repo,user:email,workflow...
2024-04-27 14:09:33.600 [info] Got 0 sessions for read:user,repo,user:email,workflow...
2024-04-27 14:09:35.162 [info] Getting sessions for read:user,repo,user:email,workflow...
2024-04-27 14:09:35.162 [info] Got 0 sessions for read:user,repo,user:email,workflow...
2024-04-27 14:09:35.481 [info] Getting sessions for read:user...
2024-04-27 14:09:35.481 [info] Got 0 sessions for read:user...
2024-04-27 14:09:35.996 [info] Getting sessions for read:user...
2024-04-27 14:09:35.996 [info] Got 0 sessions for read:user...
2024-04-27 14:09:36.010 [info] Getting sessions for user:email...
2024-04-27 14:09:36.010 [info] Got 0 sessions for user:email...
2024-04-27 14:09:36.048 [info] Getting sessions for user:email...
2024-04-27 14:09:36.048 [info] Got 0 sessions for user:email...
2024-04-27 14:09:37.081 [info] Getting sessions for read:user,repo,user:email,workflow...
2024-04-27 14:09:37.082 [info] Got 0 sessions for read:user,repo,user:email,workflow...
2024-04-27 14:09:37.771 [info] Getting sessions for read:user...
2024-04-27 14:09:37.772 [info] Got 0 sessions for read:user...
2024-04-27 14:09:38.411 [info] Getting sessions for user:email...
2024-04-27 14:09:38.411 [info] Got 0 sessions for user:email...
2024-04-27 14:09:39.643 [info] Getting sessions for read:user,repo,user:email,workflow...
2024-04-27 14:09:39.645 [info] Got 0 sessions for read:user,repo,user:email,workflow...
2024-04-27 14:09:39.701 [info] Getting sessions for read:user...
2024-04-27 14:09:39.701 [info] Got 0 sessions for read:user...
2024-04-27 14:09:39.727 [info] Getting sessions for user:email...
2024-04-27 14:09:39.727 [info] Got 0 sessions for user:email...
