2024-04-28 10:53:23.361 [info] Reading sessions from keychain...
2024-04-28 10:53:23.361 [info] Getting sessions for all scopes...
2024-04-28 10:53:23.361 [info] Getting sessions for all scopes...
2024-04-28 10:53:23.361 [info] Got 0 sessions for ...
2024-04-28 10:53:23.361 [info] Got 0 sessions for ...
2024-04-28 10:53:23.361 [info] Getting sessions for read:user,repo,user:email,workflow...
2024-04-28 10:53:23.361 [info] Got 0 sessions for read:user,repo,user:email,workflow...
2024-04-28 10:53:23.361 [info] Getting sessions for read:user...
2024-04-28 10:53:23.361 [info] Got 0 sessions for read:user...
2024-04-28 10:53:23.395 [info] Getting sessions for user:email...
2024-04-28 10:53:23.395 [info] Got 0 sessions for user:email...
2024-04-28 10:53:24.245 [info] Getting sessions for read:user,repo,user:email,workflow...
2024-04-28 10:53:24.245 [info] Got 0 sessions for read:user,repo,user:email,workflow...
2024-04-28 10:53:24.957 [info] Getting sessions for read:user...
2024-04-28 10:53:24.957 [info] Got 0 sessions for read:user...
2024-04-28 10:53:25.277 [info] Getting sessions for user:email...
2024-04-28 10:53:25.277 [info] Got 0 sessions for user:email...
2024-04-28 10:53:25.428 [info] Getting sessions for read:user,repo,user:email,workflow...
2024-04-28 10:53:25.428 [info] Got 0 sessions for read:user,repo,user:email,workflow...
2024-04-28 10:53:25.445 [info] Getting sessions for read:user...
2024-04-28 10:53:25.445 [info] Got 0 sessions for read:user...
2024-04-28 10:53:25.473 [info] Getting sessions for user:email...
2024-04-28 10:53:25.473 [info] Got 0 sessions for user:email...
